2024-02-18 15:10:41 [INFO] [D:/Tools/workspaces/k8sops/kubeops_server/db/mysql.go:34] mysql initialization succeeded
2024-02-18 15:10:41 [INFO] [D:/Tools/workspaces/k8sops/kubeops_server/db/redis.go:28] redis initialization succeededPONG
2024-02-18 15:10:42 [INFO] [D:/Tools/workspaces/k8sops/kubeops_server/utils/email.go:35] The mailbox service was initialized
2024-02-18 15:11:18 [ERROR] [D:/Tools/workspaces/k8sops/kubeops_server/utils/jwt.go:34] Token parse failedtoken is expired by 307h14m35s
2024-02-18 15:11:22 [INFO] [GIN] UserId = 1 | 200 |      5.3722ms |             ::1 | GET | /v1/api/user/getCaptcha |
2024-02-18 15:11:31 [INFO] [GIN] UserId = 1 | 200 |        3.43ms |             ::1 | GET | /v1/api/user/getCaptcha |
2024-02-18 15:11:43 [INFO] [GIN] UserId = 1 | 200 |      3.3729ms |             ::1 | GET | /v1/api/user/getCaptcha |
2024-02-18 15:11:49 [INFO] [GIN] UserId = 1 | 200 |      6.2881ms |             ::1 | GET | /v1/api/user/getCaptcha |
2024-02-18 15:12:03 [INFO] [GIN] UserId = 1 | 200 |      4.8274ms |             ::1 | GET | /v1/api/user/getCaptcha |
2024-02-18 15:17:48 [INFO] [GIN] UserId = 1 | 200 |      3.2509ms |             ::1 | GET | /v1/api/user/getCaptcha |
2024-02-18 15:18:31 [INFO] [GIN] UserId = 1 | 200 |      3.0663ms |             ::1 | GET | /v1/api/user/getCaptcha |
2024-02-18 15:18:38 [INFO] [GIN] UserId = 1 | 200 |      1.9987ms |             ::1 | GET | /v1/api/user/getCaptcha |
2024-02-18 15:19:07 [INFO] [GIN] UserId = 1 | 200 |      4.4628ms |             ::1 | GET | /v1/api/user/getCaptcha |
2024-02-18 15:19:45 [INFO] [GIN] UserId = 1 | 200 |      4.8589ms |             ::1 | GET | /v1/api/user/getCaptcha |
2024-02-18 15:19:51 [INFO] [GIN] UserId = 1 | 200 |      1.6653ms |             ::1 | GET | /v1/api/user/getCaptcha |
2024-02-18 15:20:30 [INFO] [GIN] UserId = 1 | 200 |       1.782ms |             ::1 | GET | /v1/api/user/getCaptcha |
2024-02-18 15:23:18 [INFO] [GIN] UserId = 1 | 200 |      3.1949ms |             ::1 | GET | /v1/api/user/getCaptcha |
2024-02-18 15:24:13 [INFO] [GIN] UserId = 1 | 200 |      7.7217ms |             ::1 | GET | /v1/api/user/getCaptcha |
2024-02-18 15:24:13 [INFO] [GIN] UserId = 1 | 200 |      2.0498ms |             ::1 | GET | /v1/api/user/getCaptcha |
2024-02-18 15:24:19 [INFO] [GIN] UserId = 1 | 200 |      2.5707ms |             ::1 | GET | /v1/api/user/getCaptcha |
2024-02-18 15:24:45 [INFO] [GIN] UserId = 1 | 200 |      3.1023ms |             ::1 | GET | /v1/api/user/getCaptcha |
2024-02-18 15:28:49 [ERROR] [D:/Tools/workspaces/k8sops/kubeops_server/utils/jwt.go:34] Token parse failedtoken is expired by 307h32m6s
2024-02-18 15:28:53 [INFO] [GIN] UserId = 1 | 200 |        3.48ms |             ::1 | GET | /v1/api/user/getCaptcha |
2024-02-18 15:28:58 [INFO] [GIN] UserId = 1 | 200 |      6.0288ms |             ::1 | GET | /v1/api/user/getCaptcha |
2024-02-18 15:29:08 [INFO] [GIN] UserId = 1 | 200 |      1.7227ms |             ::1 | GET | /v1/api/user/getCaptcha |
2024-02-18 15:30:06 [INFO] [D:/Tools/workspaces/k8sops/kubeops_server/service/login.go:28] User identity verification succeeded
2024-02-18 15:30:06 [INFO] [D:/Tools/workspaces/k8sops/kubeops_server/service/init.go:35] k8s initialization succeeded
2024-02-18 15:30:06 [INFO] [GIN] UserId = 1 | 200 |    486.0184ms |             ::1 | POST | /v1/api/user/login |
2024-02-18 15:30:14 [INFO] [GIN] UserId = 1 | 200 |       4.867ms |             ::1 | GET | /v1/api/cluster/list?name= |
2024-02-18 15:30:17 [INFO] [D:/Tools/workspaces/k8sops/kubeops_server/service/init.go:35] k8s initialization succeeded
2024-02-18 15:30:17 [INFO] [D:/Tools/workspaces/k8sops/kubeops_server/service/cluster.go:126] The cluster first-tengxun was successfully changed
2024-02-18 15:30:17 [INFO] [GIN] UserId = 1 | 200 |     38.1888ms |             ::1 | POST | /v1/api/cluster/change |
2024-02-18 15:30:17 [INFO] [GIN] UserId = 1 | 200 |      3.4847ms |             ::1 | GET | /v1/api/cluster/list?name= |
2024-02-18 15:30:40 [ERROR] [D:/Tools/workspaces/k8sops/kubeops_server/service/node.go:74] Failed to Get the Nodes list,reason: Get "https://10.232.2.15/api/v1/nodes": dial tcp 10.232.2.15:443: connectex: A connection attempt failed because the connected party did not properly respond after a period of time, or established connection failed because connected host has failed to respond.
2024-02-18 15:30:40 [INFO] [GIN] UserId = 1 | 400 |   21.0743619s |             ::1 | GET | /v1/api/homepage/getInfo |
2024-02-18 15:31:31 [ERROR] [D:/Tools/workspaces/k8sops/kubeops_server/service/node.go:74] Failed to Get the Nodes list,reason: Get "https://10.232.2.15/api/v1/nodes": dial tcp 10.232.2.15:443: connectex: A connection attempt failed because the connected party did not properly respond after a period of time, or established connection failed because connected host has failed to respond.
2024-02-18 15:31:31 [INFO] [GIN] UserId = 1 | 400 |   21.0472205s |             ::1 | GET | /v1/api/homepage/getInfo |
2024-02-18 15:31:38 [ERROR] [D:/Tools/workspaces/k8sops/kubeops_server/service/node.go:74] Failed to Get the Nodes list,reason: Get "https://10.232.2.15/api/v1/nodes": dial tcp 10.232.2.15:443: connectex: A connection attempt failed because the connected party did not properly respond after a period of time, or established connection failed because connected host has failed to respond.
2024-02-18 15:31:38 [INFO] [GIN] UserId = 1 | 400 |   21.0487175s |             ::1 | GET | /v1/api/homepage/getInfo |
2024-02-18 15:31:53 [ERROR] [D:/Tools/workspaces/k8sops/kubeops_server/service/node.go:74] Failed to Get the Nodes list,reason: Get "https://10.232.2.15/api/v1/nodes": dial tcp 10.232.2.15:443: connectex: A connection attempt failed because the connected party did not properly respond after a period of time, or established connection failed because connected host has failed to respond.
2024-02-18 15:31:53 [INFO] [GIN] UserId = 1 | 400 |   21.0135122s |             ::1 | GET | /v1/api/homepage/getInfo |
2024-02-18 15:31:58 [ERROR] [D:/Tools/workspaces/k8sops/kubeops_server/service/node.go:74] Failed to Get the Nodes list,reason: Get "https://10.232.2.15/api/v1/nodes": dial tcp 10.232.2.15:443: connectex: A connection attempt failed because the connected party did not properly respond after a period of time, or established connection failed because connected host has failed to respond.
2024-02-18 15:31:58 [INFO] [GIN] UserId = 1 | 400 |   21.0368097s |             ::1 | GET | /v1/api/homepage/getInfo |
2024-02-18 15:32:17 [INFO] [GIN] UserId = 1 | 200 |      5.1641ms |             ::1 | GET | /v1/api/user/getCaptcha |
2024-02-18 15:32:20 [ERROR] [D:/Tools/workspaces/k8sops/kubeops_server/service/node.go:74] Failed to Get the Nodes list,reason: Get "https://10.232.2.15/api/v1/nodes": dial tcp 10.232.2.15:443: connectex: A connection attempt failed because the connected party did not properly respond after a period of time, or established connection failed because connected host has failed to respond.
2024-02-18 15:32:20 [INFO] [GIN] UserId = 1 | 400 |   21.0422598s |             ::1 | GET | /v1/api/homepage/getInfo |
2024-02-18 15:32:27 [INFO] [D:/Tools/workspaces/k8sops/kubeops_server/service/login.go:28] User identity verification succeeded
2024-02-18 15:32:27 [INFO] [D:/Tools/workspaces/k8sops/kubeops_server/service/init.go:35] k8s initialization succeeded
2024-02-18 15:32:27 [INFO] [GIN] UserId = 1 | 200 |      9.1784ms |             ::1 | POST | /v1/api/user/login |
2024-02-18 15:32:48 [ERROR] [D:/Tools/workspaces/k8sops/kubeops_server/service/node.go:74] Failed to Get the Nodes list,reason: Get "https://10.232.2.15/api/v1/nodes": dial tcp 10.232.2.15:443: connectex: A connection attempt failed because the connected party did not properly respond after a period of time, or established connection failed because connected host has failed to respond.
2024-02-18 15:32:48 [INFO] [GIN] UserId = 1 | 400 |   21.0336098s |             ::1 | GET | /v1/api/homepage/getInfo |
2024-02-18 15:35:20 [INFO] [D:/Tools/workspaces/k8sops/kubeops_server/service/login.go:28] User identity verification succeeded
2024-02-18 15:35:20 [INFO] [D:/Tools/workspaces/k8sops/kubeops_server/service/init.go:35] k8s initialization succeeded
2024-02-18 15:35:20 [INFO] [GIN] UserId = 1 | 200 |     14.7882ms |             ::1 | POST | /v1/api/user/login |
2024-02-18 15:35:42 [ERROR] [D:/Tools/workspaces/k8sops/kubeops_server/service/node.go:74] Failed to Get the Nodes list,reason: Get "https://10.232.2.15/api/v1/nodes": dial tcp 10.232.2.15:443: connectex: A connection attempt failed because the connected party did not properly respond after a period of time, or established connection failed because connected host has failed to respond.
2024-02-18 15:35:42 [INFO] [GIN] UserId = 1 | 400 |    21.044472s |             ::1 | GET | /v1/api/homepage/getInfo |
2024-02-18 15:36:39 [ERROR] [D:/Tools/workspaces/k8sops/kubeops_server/service/node.go:74] Failed to Get the Nodes list,reason: Get "https://10.232.2.15/api/v1/nodes": dial tcp 10.232.2.15:443: connectex: A connection attempt failed because the connected party did not properly respond after a period of time, or established connection failed because connected host has failed to respond.
2024-02-18 15:36:39 [INFO] [GIN] UserId = 1 | 400 |    21.062971s |             ::1 | GET | /v1/api/homepage/getInfo |
2024-02-18 15:41:42 [INFO] [GIN] UserId = 1 | 200 |      3.1827ms |             ::1 | GET | /v1/api/cluster/list?name= |
2024-02-18 15:41:45 [INFO] [D:/Tools/workspaces/k8sops/kubeops_server/service/init.go:35] k8s initialization succeeded
2024-02-18 15:41:45 [INFO] [D:/Tools/workspaces/k8sops/kubeops_server/service/cluster.go:126] The cluster test_ccc was successfully changed
2024-02-18 15:41:45 [INFO] [GIN] UserId = 1 | 200 |     33.4928ms |             ::1 | POST | /v1/api/cluster/change |
2024-02-18 15:41:45 [INFO] [GIN] UserId = 1 | 200 |      3.1281ms |             ::1 | GET | /v1/api/cluster/list?name= |
2024-02-18 15:41:48 [ERROR] [D:/Tools/workspaces/k8sops/kubeops_server/service/node.go:74] Failed to Get the Nodes list,reason: Get "https://10.232.2.15/api/v1/nodes": dial tcp 10.232.2.15:443: connectex: A connection attempt failed because the connected party did not properly respond after a period of time, or established connection failed because connected host has failed to respond.
2024-02-18 15:41:48 [INFO] [GIN] UserId = 1 | 400 |   21.0671767s |             ::1 | GET | /v1/api/homepage/getInfo |
2024-02-18 15:41:53 [INFO] [GIN] UserId = 1 | 200 |      3.2433ms |             ::1 | GET | /v1/api/cluster/list?name= |
2024-02-18 15:42:01 [INFO] [GIN] UserId = 1 | 200 |      4.0745ms |             ::1 | GET | /v1/api/cluster/list?name= |
2024-02-18 15:42:22 [INFO] [GIN] UserId = 1 | 200 |      3.0435ms |             ::1 | GET | /v1/api/cluster/list?name= |
2024-02-18 15:42:25 [INFO] [D:/Tools/workspaces/k8sops/kubeops_server/service/init.go:35] k8s initialization succeeded
2024-02-18 15:42:25 [INFO] [D:/Tools/workspaces/k8sops/kubeops_server/service/cluster.go:126] The cluster ack-test was successfully changed
2024-02-18 15:42:25 [INFO] [GIN] UserId = 1 | 200 |     23.2674ms |             ::1 | POST | /v1/api/cluster/change |
2024-02-18 15:42:25 [INFO] [GIN] UserId = 1 | 200 |      3.0702ms |             ::1 | GET | /v1/api/cluster/list?name= |
2024-02-18 15:42:28 [INFO] [GIN] UserId = 1 | 200 |    488.8385ms |             ::1 | GET | /v1/api/homepage/getInfo |
2024-02-18 15:42:32 [INFO] [GIN] UserId = 1 | 200 |      9.7459ms |             ::1 | GET | /v1/api/cluster/list?name= |
2024-02-18 15:42:34 [INFO] [D:/Tools/workspaces/k8sops/kubeops_server/service/init.go:35] k8s initialization succeeded
2024-02-18 15:42:34 [INFO] [D:/Tools/workspaces/k8sops/kubeops_server/service/cluster.go:126] The cluster test_ccc was successfully changed
2024-02-18 15:42:34 [INFO] [GIN] UserId = 1 | 200 |     35.9806ms |             ::1 | POST | /v1/api/cluster/change |
2024-02-18 15:42:34 [INFO] [GIN] UserId = 1 | 200 |      3.0899ms |             ::1 | GET | /v1/api/cluster/list?name= |
2024-02-18 15:42:38 [INFO] [GIN] UserId = 1 | 200 |     12.2611ms |             ::1 | GET | /v1/api/namespaces/list?page=1&limit=10&filter_name= |
2024-02-18 15:42:56 [INFO] [GIN] UserId = 1 | 200 |      8.5624ms |             ::1 | GET | /v1/api/namespaces/list?page=1&limit=10&filter_name= |
2024-02-18 15:42:57 [INFO] [GIN] UserId = 1 | 200 |      6.8746ms |             ::1 | GET | /v1/api/namespaces/list |
2024-02-18 15:42:57 [INFO] [GIN] UserId = 1 | 200 |     17.2901ms |             ::1 | GET | /v1/api/deploy/list?filter_name=&namespace=&limit=10&page=1 |
2024-02-18 15:42:58 [INFO] [GIN] UserId = 1 | 200 |     22.4783ms |             ::1 | GET | /v1/api/stateful/list?filter_name=&namespace=&limit=10&page=1 |
2024-02-18 15:42:59 [INFO] [GIN] UserId = 1 | 200 |     56.9845ms |             ::1 | GET | /v1/api/pod/list?filter_name=&namespace=&limit=10&page=1 |
2024-02-18 15:43:00 [INFO] [GIN] UserId = 1 | 200 |     10.7535ms |             ::1 | GET | /v1/api/daemon/list?filter_name=&namespace=&limit=10&page=1 |
2024-02-18 15:43:01 [INFO] [GIN] UserId = 1 | 200 |     10.4558ms |             ::1 | GET | /v1/api/namespaces/list |
2024-02-18 15:43:01 [INFO] [GIN] UserId = 1 | 200 |     14.2136ms |             ::1 | GET | /v1/api/svc/list?filter_name=&namespace=&limit=10&page=1 |
2024-02-18 15:43:02 [INFO] [GIN] UserId = 1 | 200 |     12.0482ms |             ::1 | GET | /v1/api/namespaces/list |
2024-02-18 15:43:02 [INFO] [GIN] UserId = 1 | 200 |     11.7623ms |             ::1 | GET | /v1/api/ing/list?filter_name=&namespace=&limit=10&page=1 |
2024-02-18 15:43:03 [INFO] [GIN] UserId = 1 | 200 |       8.526ms |             ::1 | GET | /v1/api/ingressClass/list?filter_name=&limit=10&page=1 |
2024-02-18 15:43:11 [INFO] [GIN] UserId = 1 | 200 |      9.9959ms |             ::1 | GET | /v1/api/namespaces/list |
2024-02-18 15:43:11 [INFO] [GIN] UserId = 1 | 200 |    183.7229ms |             ::1 | GET | /v1/api/cm/list?filter_name=&namespace=&limit=10&page=1 |
2024-02-18 15:43:12 [INFO] [GIN] UserId = 1 | 200 |      7.8734ms |             ::1 | GET | /v1/api/namespaces/list |
2024-02-18 15:43:12 [INFO] [GIN] UserId = 1 | 200 |     45.1874ms |             ::1 | GET | /v1/api/secret/list?filter_name=&namespace=&limit=10&page=1 |
2024-02-18 15:43:14 [INFO] [GIN] UserId = 1 | 200 |      9.8048ms |             ::1 | GET | /v1/api/namespaces/list |
2024-02-18 15:43:14 [INFO] [GIN] UserId = 1 | 200 |      7.5697ms |             ::1 | GET | /v1/api/pvc/list?filter_name=&namespace=&limit=10&page=1 |
2024-02-18 15:43:15 [INFO] [GIN] UserId = 1 | 200 |      9.0269ms |             ::1 | GET | /v1/api/pv/list?page=1&limit=10&filter_name= |
2024-02-18 15:43:16 [INFO] [GIN] UserId = 1 | 200 |     14.1647ms |             ::1 | GET | /v1/api/storageClass/list?filter_name=&limit=10&page=1 |
2024-02-18 15:44:19 [INFO] [GIN] UserId = 1 | 200 |     11.8936ms |             ::1 | GET | /v1/api/cluster/list?name= |
2024-02-18 15:44:20 [INFO] [D:/Tools/workspaces/k8sops/kubeops_server/service/init.go:35] k8s initialization succeeded
2024-02-18 15:44:21 [INFO] [D:/Tools/workspaces/k8sops/kubeops_server/service/cluster.go:126] The cluster ack-test was successfully changed
2024-02-18 15:44:21 [INFO] [GIN] UserId = 1 | 200 |     20.0601ms |             ::1 | POST | /v1/api/cluster/change |
2024-02-18 15:44:21 [INFO] [GIN] UserId = 1 | 200 |      5.1494ms |             ::1 | GET | /v1/api/cluster/list?name= |
2024-02-18 15:44:23 [INFO] [GIN] UserId = 1 | 200 |    299.9554ms |             ::1 | GET | /v1/api/node/list |
2024-02-18 15:51:58 [INFO] [GIN] UserId = 1 | 200 |     10.1516ms |             ::1 | GET | /v1/api/cluster/list?name= |
2024-02-18 15:52:01 [INFO] [D:/Tools/workspaces/k8sops/kubeops_server/service/cluster.go:153] The cluster test_ccc was successfully deleted
2024-02-18 15:52:01 [INFO] [GIN] UserId = 1 | 200 |     14.5024ms |             ::1 | DELETE | /v1/api/cluster/delete?cluster_name=test_ccc |
2024-02-18 15:52:01 [INFO] [GIN] UserId = 1 | 200 |      2.7887ms |             ::1 | GET | /v1/api/cluster/list?name= |
2024-02-18 15:52:17 [INFO] [D:/Tools/workspaces/k8sops/kubeops_server/service/cluster.go:58] The cluster test-k8s was successfully added
2024-02-18 15:52:17 [INFO] [GIN] UserId = 1 | 200 |     58.1837ms |       127.0.0.1 | POST | /v1/api/cluster/create |
2024-02-18 15:52:17 [INFO] [GIN] UserId = 1 | 200 |      3.1049ms |             ::1 | GET | /v1/api/cluster/list?name= |
2024-02-18 15:52:18 [INFO] [D:/Tools/workspaces/k8sops/kubeops_server/service/init.go:35] k8s initialization succeeded
2024-02-18 15:52:18 [INFO] [D:/Tools/workspaces/k8sops/kubeops_server/service/cluster.go:126] The cluster test-k8s was successfully changed
2024-02-18 15:52:18 [INFO] [GIN] UserId = 1 | 200 |     18.9661ms |             ::1 | POST | /v1/api/cluster/change |
2024-02-18 15:52:18 [INFO] [GIN] UserId = 1 | 200 |      4.1297ms |             ::1 | GET | /v1/api/cluster/list?name= |
2024-02-18 15:52:23 [INFO] [GIN] UserId = 1 | 200 |      8.7725ms |             ::1 | GET | /v1/api/namespaces/list?page=1&limit=10&filter_name= |
2024-02-18 15:54:26 [INFO] [GIN] UserId = 1 | 200 |      9.3961ms |             ::1 | GET | /v1/api/namespaces/list?page=1&limit=10&filter_name= |
2024-02-18 15:54:28 [INFO] [GIN] UserId = 1 | 200 |      7.5309ms |             ::1 | GET | /v1/api/namespaces/list?page=2&limit=10&filter_name= |
2024-02-18 15:54:32 [INFO] [GIN] UserId = 1 | 200 |     10.9707ms |             ::1 | GET | /v1/api/namespaces/list?page=1&limit=10&filter_name= |
2024-02-18 15:54:33 [INFO] [GIN] UserId = 1 | 200 |     14.8364ms |             ::1 | GET | /v1/api/stateful/list?filter_name=&namespace=&limit=10&page=1 |
2024-02-18 15:54:35 [INFO] [GIN] UserId = 1 | 200 |     10.3357ms |             ::1 | GET | /v1/api/namespaces/list |
2024-02-18 15:54:35 [INFO] [GIN] UserId = 1 | 200 |     23.4383ms |             ::1 | GET | /v1/api/deploy/list?filter_name=&namespace=&limit=10&page=1 |
2024-02-18 15:54:43 [INFO] [GIN] UserId = 1 | 200 |      9.2355ms |             ::1 | GET | /v1/api/namespaces/list |
2024-02-18 15:54:43 [INFO] [GIN] UserId = 1 | 200 |     10.7842ms |             ::1 | GET | /v1/api/pvc/list?filter_name=&namespace=&limit=10&page=1 |
2024-02-18 15:54:44 [INFO] [GIN] UserId = 1 | 200 |      5.6136ms |             ::1 | GET | /v1/api/pv/list?page=1&limit=10&filter_name= |
2024-02-18 15:54:44 [INFO] [GIN] UserId = 1 | 200 |      4.5099ms |             ::1 | GET | /v1/api/storageClass/list?filter_name=&limit=10&page=1 |
2024-02-18 15:54:45 [INFO] [GIN] UserId = 1 | 200 |      9.9576ms |             ::1 | GET | /v1/api/pvc/list?filter_name=&namespace=&limit=10&page=1 |
2024-02-18 15:54:45 [INFO] [GIN] UserId = 1 | 200 |      9.9874ms |             ::1 | GET | /v1/api/namespaces/list |
2024-02-18 15:54:46 [INFO] [GIN] UserId = 1 | 200 |       5.521ms |             ::1 | GET | /v1/api/pv/list?page=1&limit=10&filter_name= |
2024-02-18 15:54:47 [INFO] [GIN] UserId = 1 | 200 |      5.9763ms |             ::1 | GET | /v1/api/storageClass/list?filter_name=&limit=10&page=1 |
2024-02-18 15:54:48 [INFO] [GIN] UserId = 1 | 200 |      8.0525ms |             ::1 | GET | /v1/api/pvc/list?filter_name=&namespace=&limit=10&page=1 |
2024-02-18 15:54:48 [INFO] [GIN] UserId = 1 | 200 |     13.0053ms |             ::1 | GET | /v1/api/namespaces/list |
2024-02-18 15:54:50 [INFO] [GIN] UserId = 1 | 200 |      7.8955ms |             ::1 | GET | /v1/api/namespaces/list |
2024-02-18 15:54:50 [INFO] [GIN] UserId = 1 | 200 |    193.1347ms |             ::1 | GET | /v1/api/cm/list?filter_name=&namespace=&limit=10&page=1 |
2024-02-18 15:54:52 [INFO] [GIN] UserId = 1 | 200 |      9.3369ms |             ::1 | GET | /v1/api/namespaces/list |
2024-02-18 15:54:52 [INFO] [GIN] UserId = 1 | 200 |      35.952ms |             ::1 | GET | /v1/api/secret/list?filter_name=&namespace=&limit=10&page=1 |
2024-02-18 15:54:53 [INFO] [GIN] UserId = 1 | 200 |     10.5794ms |             ::1 | GET | /v1/api/namespaces/list |
2024-02-18 15:54:53 [INFO] [GIN] UserId = 1 | 200 |     18.6111ms |             ::1 | GET | /v1/api/svc/list?filter_name=&namespace=&limit=10&page=1 |
2024-02-18 15:54:54 [INFO] [GIN] UserId = 1 | 200 |      6.3836ms |             ::1 | GET | /v1/api/ing/list?filter_name=&namespace=&limit=10&page=1 |
2024-02-18 15:54:54 [INFO] [GIN] UserId = 1 | 200 |      9.1092ms |             ::1 | GET | /v1/api/namespaces/list |
2024-02-18 15:54:55 [INFO] [GIN] UserId = 1 | 200 |      5.8549ms |             ::1 | GET | /v1/api/ingressClass/list?filter_name=&limit=10&page=1 |
2024-02-18 15:55:03 [INFO] [GIN] UserId = 1 | 200 |      8.1579ms |             ::1 | GET | /v1/api/namespaces/list |
2024-02-18 15:55:03 [INFO] [GIN] UserId = 1 | 200 |     19.2156ms |             ::1 | GET | /v1/api/deploy/list?filter_name=&namespace=&limit=10&page=1 |
2024-02-18 15:55:04 [INFO] [GIN] UserId = 1 | 200 |     10.4488ms |             ::1 | GET | /v1/api/stateful/list?filter_name=&namespace=&limit=10&page=1 |
2024-02-18 15:55:05 [INFO] [GIN] UserId = 1 | 200 |     10.2651ms |             ::1 | GET | /v1/api/daemon/list?filter_name=&namespace=&limit=10&page=1 |
2024-02-18 15:55:08 [INFO] [GIN] UserId = 1 | 200 |     47.9698ms |             ::1 | GET | /v1/api/pod/list?filter_name=&namespace=&limit=10&page=1 |
2024-02-18 15:55:15 [INFO] [GIN] UserId = 1 | 200 |     50.7842ms |             ::1 | GET | /v1/api/pod/list?filter_name=&namespace=&limit=10&page=2 |
2024-02-18 15:55:18 [INFO] [GIN] UserId = 1 | 200 |     53.4128ms |             ::1 | GET | /v1/api/pod/list?filter_name=&namespace=&limit=10&page=3 |
2024-02-18 15:55:19 [INFO] [GIN] UserId = 1 | 200 |     50.7536ms |             ::1 | GET | /v1/api/pod/list?filter_name=&namespace=&limit=10&page=4 |
2024-02-18 15:55:21 [INFO] [GIN] UserId = 1 | 200 |     62.9407ms |             ::1 | GET | /v1/api/pod/list?filter_name=&namespace=&limit=10&page=5 |
2024-02-18 15:55:23 [INFO] [GIN] UserId = 1 | 200 |     86.9915ms |             ::1 | GET | /v1/api/pod/list?filter_name=&namespace=&limit=10&page=6 |
2024-02-18 15:55:29 [INFO] [GIN] UserId = 1 | 200 |     53.9638ms |             ::1 | GET | /v1/api/pod/list?filter_name=&namespace=&limit=10&page=7 |
2024-02-18 15:55:30 [INFO] [GIN] UserId = 1 | 200 |     55.0548ms |             ::1 | GET | /v1/api/pod/list?filter_name=&namespace=&limit=10&page=1 |
2024-02-18 15:55:35 [INFO] [GIN] UserId = 1 | 200 |      8.0448ms |             ::1 | GET | /v1/api/namespaces/list |
2024-02-18 15:55:37 [INFO] [GIN] UserId = 1 | 200 |     16.2315ms |             ::1 | GET | /v1/api/pod/list?filter_name=&namespace=t2&limit=10&page=1 |
2024-02-18 15:56:00 [INFO] [D:/Tools/workspaces/k8sops/kubeops_server/service/pod.go:123] Get Pods test33-7cf9b4cf69-r779xsuccess
2024-02-18 15:56:00 [INFO] [GIN] UserId = 1 | 200 |       10.12ms |             ::1 | GET | /v1/api/pod/detail?pod_name=test33-7cf9b4cf69-r779x&namespace=t2 |
2024-02-18 15:57:25 [INFO] [GIN] UserId = 1 | 200 |     18.7885ms |             ::1 | GET | /v1/api/pod/list?filter_name=&namespace=t2&limit=10&page=6 |
2024-02-18 15:57:28 [INFO] [GIN] UserId = 1 | 200 |     19.1994ms |             ::1 | GET | /v1/api/pod/list?filter_name=&namespace=t2&limit=10&page=1 |
2024-02-18 15:57:33 [INFO] [GIN] UserId = 1 | 200 |     21.5908ms |             ::1 | GET | /v1/api/pod/list?filter_name=&namespace=t2&limit=50&page=1 |
2024-02-18 15:57:38 [INFO] [GIN] UserId = 1 | 200 |     29.3783ms |             ::1 | GET | /v1/api/pod/list?filter_name=&namespace=t2&limit=50&page=2 |
2024-02-18 15:57:45 [INFO] [GIN] UserId = 1 | 200 |     22.0172ms |             ::1 | GET | /v1/api/pod/list?filter_name=&namespace=t2&limit=50&page=1 |
2024-02-18 15:58:30 [INFO] [GIN] UserId =  | 200 |      2.5767ms |             ::1 | GET | /v1/api/user/getCaptcha |
2024-02-18 15:58:38 [INFO] [D:/Tools/workspaces/k8sops/kubeops_server/service/login.go:28] User identity verification succeeded
2024-02-18 15:58:38 [INFO] [D:/Tools/workspaces/k8sops/kubeops_server/service/init.go:35] k8s initialization succeeded
2024-02-18 15:58:38 [INFO] [GIN] UserId =  | 200 |     15.9154ms |             ::1 | POST | /v1/api/user/login |
2024-02-18 15:58:42 [INFO] [GIN] UserId = 1 | 200 |     36.1685ms |             ::1 | GET | /v1/api/namespaces/list?page=1&limit=10&filter_name= |
2024-02-18 15:59:25 [INFO] [GIN] UserId = 1 | 200 |      9.3334ms |             ::1 | GET | /v1/api/cluster/list?name= |
2024-02-18 15:59:27 [INFO] [D:/Tools/workspaces/k8sops/kubeops_server/service/init.go:35] k8s initialization succeeded
2024-02-18 15:59:27 [INFO] [D:/Tools/workspaces/k8sops/kubeops_server/service/cluster.go:126] The cluster ack-test was successfully changed
2024-02-18 15:59:27 [INFO] [GIN] UserId = 1 | 200 |     23.2172ms |             ::1 | POST | /v1/api/cluster/change |
2024-02-18 15:59:27 [INFO] [GIN] UserId = 1 | 200 |        4.07ms |             ::1 | GET | /v1/api/cluster/list?name= |
2024-02-18 15:59:29 [INFO] [GIN] UserId = 1 | 200 |    335.7372ms |             ::1 | GET | /v1/api/node/list |
2024-02-18 15:59:36 [INFO] [GIN] UserId = 1 | 200 |     51.5199ms |             ::1 | GET | /v1/api/namespaces/list?page=1&limit=10&filter_name= |
2024-02-18 15:59:37 [INFO] [GIN] UserId = 1 | 200 |    217.6982ms |             ::1 | GET | /v1/api/node/list |
2024-02-18 16:05:36 [INFO] [D:/Tools/workspaces/k8sops/kubeops_server/db/mysql.go:34] mysql initialization succeeded
2024-02-18 16:05:36 [INFO] [D:/Tools/workspaces/k8sops/kubeops_server/db/redis.go:28] redis initialization succeededPONG
2024-02-18 16:05:36 [INFO] [D:/Tools/workspaces/k8sops/kubeops_server/utils/email.go:35] The mailbox service was initialized
2024-02-18 16:06:27 [INFO] [GIN] UserId = 1 | 200 |      3.1866ms |             ::1 | GET | /v1/api/user/getCaptcha |
2024-02-18 16:06:37 [INFO] [D:/Tools/workspaces/k8sops/kubeops_server/service/login.go:28] User identity verification succeeded
2024-02-18 16:06:37 [INFO] [D:/Tools/workspaces/k8sops/kubeops_server/service/init.go:35] k8s initialization succeeded
2024-02-18 16:06:37 [INFO] [GIN] UserId = 1 | 200 |     14.7714ms |             ::1 | POST | /v1/api/user/login |
2024-02-18 16:06:38 [INFO] [GIN] UserId = 1 | 200 |    488.0376ms |             ::1 | GET | /v1/api/homepage/getInfo |
2024-02-18 16:06:41 [INFO] [GIN] UserId = 1 | 200 |      3.0779ms |             ::1 | GET | /v1/api/cluster/list?name= |
2024-02-18 16:06:44 [INFO] [D:/Tools/workspaces/k8sops/kubeops_server/service/cluster.go:153] The cluster test-k8s was successfully deleted
2024-02-18 16:06:44 [INFO] [GIN] UserId = 1 | 200 |     13.0864ms |             ::1 | DELETE | /v1/api/cluster/delete?cluster_name=test-k8s |
2024-02-18 16:06:44 [INFO] [GIN] UserId = 1 | 200 |      2.6638ms |             ::1 | GET | /v1/api/cluster/list?name= |
2024-02-18 16:06:46 [INFO] [D:/Tools/workspaces/k8sops/kubeops_server/service/cluster.go:153] The cluster first-tengxun was successfully deleted
2024-02-18 16:06:46 [INFO] [GIN] UserId = 1 | 200 |     12.2424ms |             ::1 | DELETE | /v1/api/cluster/delete?cluster_name=first-tengxun |
2024-02-18 16:06:46 [INFO] [GIN] UserId = 1 | 200 |      3.1481ms |             ::1 | GET | /v1/api/cluster/list?name= |
2024-02-18 16:07:01 [INFO] [D:/Tools/workspaces/k8sops/kubeops_server/service/cluster.go:58] The cluster k8s-test was successfully added
2024-02-18 16:07:01 [INFO] [GIN] UserId = 1 | 200 |     13.6922ms |       127.0.0.1 | POST | /v1/api/cluster/create |
2024-02-18 16:07:01 [INFO] [GIN] UserId = 1 | 200 |      3.0078ms |             ::1 | GET | /v1/api/cluster/list?name= |
2024-02-18 16:07:02 [INFO] [D:/Tools/workspaces/k8sops/kubeops_server/service/init.go:35] k8s initialization succeeded
2024-02-18 16:07:03 [INFO] [D:/Tools/workspaces/k8sops/kubeops_server/service/cluster.go:126] The cluster k8s-test was successfully changed
2024-02-18 16:07:03 [INFO] [GIN] UserId = 1 | 200 |     20.6443ms |             ::1 | POST | /v1/api/cluster/change |
2024-02-18 16:07:03 [INFO] [GIN] UserId = 1 | 200 |     29.2049ms |             ::1 | GET | /v1/api/cluster/list?name= |
2024-02-18 16:10:25 [INFO] [D:/Tools/workspaces/k8sops/kubeops_server/db/mysql.go:34] mysql initialization succeeded
2024-02-18 16:10:25 [INFO] [D:/Tools/workspaces/k8sops/kubeops_server/db/redis.go:28] redis initialization succeededPONG
2024-02-18 16:10:25 [INFO] [D:/Tools/workspaces/k8sops/kubeops_server/utils/email.go:35] The mailbox service was initialized
2024-02-18 16:10:33 [INFO] [GIN] UserId =  | 200 |       2.205ms |             ::1 | GET | /v1/api/user/getCaptcha |
2024-02-18 16:10:42 [INFO] [D:/Tools/workspaces/k8sops/kubeops_server/service/login.go:28] User identity verification succeeded
2024-02-18 16:10:42 [INFO] [D:/Tools/workspaces/k8sops/kubeops_server/service/init.go:35] k8s initialization succeeded
2024-02-18 16:10:42 [INFO] [GIN] UserId =  | 200 |      8.5352ms |             ::1 | POST | /v1/api/user/login |
2024-02-18 16:10:42 [INFO] [GIN] UserId = 1 | 200 |    309.9203ms |             ::1 | GET | /v1/api/homepage/getInfo |
2024-02-18 16:10:47 [INFO] [GIN] UserId = 1 | 200 |     83.2727ms |             ::1 | GET | /v1/api/node/list |
2024-02-18 16:12:20 [INFO] [D:/Tools/workspaces/k8sops/kubeops_server/db/mysql.go:34] mysql initialization succeeded
2024-02-18 16:12:20 [INFO] [D:/Tools/workspaces/k8sops/kubeops_server/db/redis.go:28] redis initialization succeededPONG
2024-02-18 16:12:20 [INFO] [D:/Tools/workspaces/k8sops/kubeops_server/utils/email.go:35] The mailbox service was initialized
2024-02-18 16:12:23 [INFO] [GIN] UserId =  | 200 |      4.1297ms |             ::1 | GET | /v1/api/user/getCaptcha |
2024-02-18 16:12:32 [INFO] [D:/Tools/workspaces/k8sops/kubeops_server/service/login.go:28] User identity verification succeeded
2024-02-18 16:12:32 [INFO] [D:/Tools/workspaces/k8sops/kubeops_server/service/init.go:35] k8s initialization succeeded
2024-02-18 16:12:32 [INFO] [GIN] UserId =  | 200 |      9.4173ms |             ::1 | POST | /v1/api/user/login |
2024-02-18 16:15:46 [INFO] [D:/Tools/workspaces/k8sops/kubeops_server/db/mysql.go:34] mysql initialization succeeded
2024-02-18 16:15:46 [INFO] [D:/Tools/workspaces/k8sops/kubeops_server/db/redis.go:28] redis initialization succeededPONG
2024-02-18 16:15:46 [INFO] [D:/Tools/workspaces/k8sops/kubeops_server/utils/email.go:35] The mailbox service was initialized
2024-02-18 16:15:48 [INFO] [GIN] UserId =  | 200 |      2.0879ms |             ::1 | GET | /v1/api/user/getCaptcha |
2024-02-18 16:15:57 [INFO] [GIN] UserId =  | 400 |       930.8µs |             ::1 | POST | /v1/api/user/login |
2024-02-18 16:15:57 [INFO] [GIN] UserId =  | 200 |      2.9009ms |             ::1 | GET | /v1/api/user/getCaptcha |
2024-02-18 16:16:03 [INFO] [D:/Tools/workspaces/k8sops/kubeops_server/service/login.go:28] User identity verification succeeded
2024-02-18 16:16:03 [INFO] [D:/Tools/workspaces/k8sops/kubeops_server/service/init.go:35] k8s initialization succeeded
2024-02-18 16:16:03 [INFO] [GIN] UserId =  | 200 |      8.7912ms |             ::1 | POST | /v1/api/user/login |
2024-02-18 16:16:54 [INFO] [D:/Tools/workspaces/k8sops/kubeops_server/db/mysql.go:34] mysql initialization succeeded
2024-02-18 16:16:54 [INFO] [D:/Tools/workspaces/k8sops/kubeops_server/db/redis.go:28] redis initialization succeededPONG
2024-02-18 16:16:55 [INFO] [D:/Tools/workspaces/k8sops/kubeops_server/utils/email.go:35] The mailbox service was initialized
2024-02-18 16:16:58 [INFO] [GIN] UserId =  | 200 |      3.1074ms |             ::1 | GET | /v1/api/user/getCaptcha |
2024-02-18 16:17:07 [INFO] [D:/Tools/workspaces/k8sops/kubeops_server/service/login.go:28] User identity verification succeeded
2024-02-18 16:17:07 [INFO] [D:/Tools/workspaces/k8sops/kubeops_server/service/init.go:35] k8s initialization succeeded
2024-02-18 16:17:07 [INFO] [GIN] UserId =  | 200 |      9.0052ms |             ::1 | POST | /v1/api/user/login |
2024-02-18 16:20:09 [INFO] [D:/Tools/workspaces/k8sops/kubeops_server/db/mysql.go:34] mysql initialization succeeded
2024-02-18 16:20:09 [INFO] [D:/Tools/workspaces/k8sops/kubeops_server/db/redis.go:28] redis initialization succeededPONG
2024-02-18 16:20:10 [INFO] [D:/Tools/workspaces/k8sops/kubeops_server/utils/email.go:35] The mailbox service was initialized
2024-02-18 16:20:11 [INFO] [GIN] UserId =  | 200 |      3.2068ms |             ::1 | GET | /v1/api/user/getCaptcha |
2024-02-18 16:20:20 [INFO] [D:/Tools/workspaces/k8sops/kubeops_server/service/login.go:28] User identity verification succeeded
2024-02-18 16:20:20 [INFO] [D:/Tools/workspaces/k8sops/kubeops_server/service/init.go:35] k8s initialization succeeded
2024-02-18 16:20:20 [INFO] [GIN] UserId =  | 200 |       8.832ms |             ::1 | POST | /v1/api/user/login |
2024-02-18 16:20:21 [INFO] [GIN] UserId = 1 | 200 |    471.4654ms |             ::1 | GET | /v1/api/homepage/getInfo |
2024-02-18 16:20:31 [INFO] [GIN] UserId = 1 | 200 |    248.5036ms |             ::1 | GET | /v1/api/node/list |
2024-02-18 16:22:07 [INFO] [GIN] UserId = 1 | 200 |     72.7814ms |             ::1 | GET | /v1/api/pod/list?filter_name=&namespace=&limit=10&page=1 |
2024-02-18 16:22:16 [INFO] [GIN] UserId = 1 | 200 |     47.1182ms |             ::1 | GET | /v1/api/pod/list?filter_name=&namespace=&limit=10&page=2 |
2024-02-18 16:22:18 [INFO] [GIN] UserId = 1 | 200 |      52.086ms |             ::1 | GET | /v1/api/pod/list?filter_name=&namespace=&limit=10&page=1 |
2024-02-18 16:27:11 [INFO] [D:/Tools/workspaces/k8sops/kubeops_server/service/pod.go:123] Get Pods test33-7cf9b4cf69-cprc6success
2024-02-18 16:27:11 [INFO] [GIN] UserId = 1 | 200 |     18.6138ms |             ::1 | GET | /v1/api/pod/detail?pod_name=test33-7cf9b4cf69-cprc6&namespace=t2 |
2024-02-18 16:27:26 [INFO] [D:/Tools/workspaces/k8sops/kubeops_server/service/pod.go:123] Get Pods test33-7cf9b4cf69-p72cjsuccess
2024-02-18 16:27:26 [INFO] [GIN] UserId = 1 | 200 |     16.3847ms |             ::1 | GET | /v1/api/pod/detail?pod_name=test33-7cf9b4cf69-p72cj&namespace=t2 |
2024-02-18 16:27:45 [INFO] [D:/Tools/workspaces/k8sops/kubeops_server/service/pod.go:123] Get Pods test33-7cf9b4cf69-cprc6success
2024-02-18 16:27:45 [INFO] [GIN] UserId = 1 | 200 |      6.0551ms |             ::1 | GET | /v1/api/pod/detail?pod_name=test33-7cf9b4cf69-cprc6&namespace=t2 |
2024-02-18 16:28:37 [INFO] [D:/Tools/workspaces/k8sops/kubeops_server/db/mysql.go:34] mysql initialization succeeded
2024-02-18 16:28:37 [INFO] [D:/Tools/workspaces/k8sops/kubeops_server/db/redis.go:28] redis initialization succeededPONG
2024-02-18 16:28:38 [INFO] [D:/Tools/workspaces/k8sops/kubeops_server/utils/email.go:35] The mailbox service was initialized
2024-02-18 16:28:40 [INFO] [GIN] UserId =  | 200 |      3.8785ms |             ::1 | GET | /v1/api/user/getCaptcha |
2024-02-18 16:28:48 [INFO] [D:/Tools/workspaces/k8sops/kubeops_server/service/login.go:28] User identity verification succeeded
2024-02-18 16:28:48 [INFO] [D:/Tools/workspaces/k8sops/kubeops_server/service/init.go:35] k8s initialization succeeded
2024-02-18 16:28:48 [INFO] [GIN] UserId =  | 200 |     15.6594ms |             ::1 | POST | /v1/api/user/login |
2024-02-18 16:28:49 [INFO] [GIN] UserId = 1 | 200 |    496.4605ms |             ::1 | GET | /v1/api/homepage/getInfo |
2024-02-18 16:29:14 [INFO] [GIN] UserId = 1 | 200 |    231.1418ms |             ::1 | GET | /v1/api/node/list |
2024-02-18 16:29:59 [INFO] [GIN] UserId = 1 | 200 |     48.8519ms |             ::1 | GET | /v1/api/cluster/list?name= |
2024-02-18 16:30:01 [INFO] [GIN] UserId = 1 | 200 |     550.161ms |             ::1 | GET | /v1/api/homepage/getInfo |
2024-02-18 16:30:32 [INFO] [GIN] UserId = 1 | 200 |      68.499ms |             ::1 | GET | /v1/api/pod/list?filter_name=&namespace=&limit=10&page=1 |
2024-02-18 16:30:38 [INFO] [GIN] UserId = 1 | 200 |     68.7837ms |             ::1 | GET | /v1/api/pod/list?filter_name=&namespace=&limit=10&page=2 |
2024-02-18 16:30:40 [INFO] [GIN] UserId = 1 | 200 |     49.9226ms |             ::1 | GET | /v1/api/pod/list?filter_name=&namespace=&limit=10&page=3 |
2024-02-18 16:30:41 [INFO] [GIN] UserId = 1 | 200 |     77.9641ms |             ::1 | GET | /v1/api/pod/list?filter_name=&namespace=&limit=10&page=4 |
2024-02-18 16:30:45 [INFO] [GIN] UserId = 1 | 200 |     28.0828ms |             ::1 | GET | /v1/api/namespaces/list |
2024-02-18 16:30:45 [INFO] [GIN] UserId = 1 | 200 |     45.3551ms |             ::1 | GET | /v1/api/deploy/list?filter_name=&namespace=&limit=10&page=1 |
2024-02-18 16:30:47 [INFO] [GIN] UserId = 1 | 200 |      9.2264ms |             ::1 | GET | /v1/api/deploy/list?filter_name=&namespace=t2&limit=10&page=1 |
2024-02-18 16:30:53 [INFO] [D:/Tools/workspaces/k8sops/kubeops_server/service/deployment.go:263] Delete Deployments test33 success
2024-02-18 16:30:53 [INFO] [GIN] UserId = 1 | 200 |     25.5704ms |             ::1 | DELETE | /v1/api/deploy/delete?namespace=t2&deploy_name=test33 |
2024-02-18 16:30:54 [INFO] [GIN] UserId = 1 | 200 |     13.5499ms |             ::1 | GET | /v1/api/namespaces/list |
2024-02-18 16:30:54 [INFO] [GIN] UserId = 1 | 200 |     21.9547ms |             ::1 | GET | /v1/api/deploy/list?filter_name=&namespace=&limit=10&page=1 |
2024-02-18 16:30:56 [INFO] [GIN] UserId = 1 | 200 |     31.4855ms |             ::1 | GET | /v1/api/deploy/list?filter_name=&namespace=&limit=10&page=1 |
2024-02-18 16:30:58 [INFO] [GIN] UserId = 1 | 200 |     55.9843ms |             ::1 | GET | /v1/api/pod/list?filter_name=&namespace=&limit=10&page=1 |
2024-02-18 16:31:00 [INFO] [GIN] UserId = 1 | 200 |     12.9326ms |             ::1 | GET | /v1/api/namespaces/list |
2024-02-18 16:31:02 [INFO] [GIN] UserId = 1 | 200 |      6.3913ms |             ::1 | GET | /v1/api/pod/list?filter_name=&namespace=t2&limit=10&page=1 |
2024-02-18 16:31:03 [INFO] [GIN] UserId = 1 | 200 |     11.5222ms |             ::1 | GET | /v1/api/pod/list?filter_name=&namespace=t2&limit=10&page=1 |
2024-02-18 16:31:07 [INFO] [GIN] UserId = 1 | 200 |      6.3707ms |             ::1 | GET | /v1/api/pod/list?filter_name=&namespace=test-xy&limit=10&page=1 |
2024-02-18 16:31:10 [INFO] [GIN] UserId = 1 | 200 |      6.5374ms |             ::1 | GET | /v1/api/pod/list?filter_name=&namespace=t2&limit=10&page=1 |
2024-02-18 16:31:12 [INFO] [GIN] UserId = 1 | 200 |     57.6634ms |             ::1 | GET | /v1/api/pod/list?filter_name=&namespace=&limit=10&page=1 |
2024-02-18 16:31:17 [INFO] [GIN] UserId = 1 | 200 |     524.267ms |             ::1 | GET | /v1/api/homepage/getInfo |
2024-02-18 16:31:29 [INFO] [GIN] UserId = 1 | 200 |     19.2824ms |             ::1 | GET | /v1/api/namespaces/list |
2024-02-18 16:31:29 [INFO] [GIN] UserId = 1 | 200 |     30.9397ms |             ::1 | GET | /v1/api/deploy/list?filter_name=&namespace=&limit=10&page=1 |
2024-02-18 16:31:32 [INFO] [GIN] UserId = 1 | 200 |     53.0359ms |             ::1 | GET | /v1/api/pod/list?filter_name=&namespace=&limit=10&page=1 |
2024-02-18 16:32:48 [INFO] [GIN] UserId = 1 | 200 |     10.6392ms |             ::1 | GET | /v1/api/namespaces/list |
2024-02-18 16:32:48 [INFO] [GIN] UserId = 1 | 200 |     19.5588ms |             ::1 | GET | /v1/api/deploy/list?filter_name=&namespace=&limit=10&page=1 |
2024-02-18 16:32:51 [INFO] [GIN] UserId = 1 | 200 |    382.0483ms |             ::1 | GET | /v1/api/homepage/getInfo |
2024-02-18 16:33:01 [INFO] [GIN] UserId = 1 | 200 |     61.6855ms |             ::1 | GET | /v1/api/pod/list?filter_name=&namespace=&limit=10&page=1 |
2024-02-18 16:33:05 [INFO] [GIN] UserId = 1 | 200 |     34.0717ms |             ::1 | GET | /v1/api/pod/list?filter_name=&namespace=&limit=10&page=2 |
2024-02-18 16:33:08 [INFO] [GIN] UserId = 1 | 200 |     36.5768ms |             ::1 | GET | /v1/api/pod/list?filter_name=&namespace=&limit=10&page=3 |
2024-02-18 16:33:11 [INFO] [GIN] UserId = 1 | 200 |     36.1191ms |             ::1 | GET | /v1/api/pod/list?filter_name=&namespace=&limit=10&page=4 |
2024-02-18 16:33:34 [INFO] [D:/Tools/workspaces/k8sops/kubeops_server/service/pod.go:123] Get Pods ks-installer-5d5bb65f58-rjq74success
2024-02-18 16:33:34 [INFO] [GIN] UserId = 1 | 200 |     10.1009ms |             ::1 | GET | /v1/api/pod/detail?pod_name=ks-installer-5d5bb65f58-rjq74&namespace=kubesphere-system |
2024-02-18 16:35:41 [INFO] [D:/Tools/workspaces/k8sops/kubeops_server/service/pod.go:123] Get Pods ks-installer-5d5bb65f58-rjq74success
2024-02-18 16:35:41 [INFO] [GIN] UserId = 1 | 200 |     17.2834ms |             ::1 | GET | /v1/api/pod/detail?pod_name=ks-installer-5d5bb65f58-rjq74&namespace=kubesphere-system |
2024-02-18 16:36:10 [INFO] [GIN] UserId = 1 | 200 |     49.3208ms |             ::1 | GET | /v1/api/pod/list?filter_name=&namespace=&limit=10&page=1 |
2024-02-18 16:37:58 [INFO] [D:/Tools/workspaces/k8sops/kubeops_server/service/pod.go:123] Get Pods alertmanager-main-0success
2024-02-18 16:37:58 [INFO] [GIN] UserId = 1 | 200 |     29.5749ms |             ::1 | GET | /v1/api/pod/detail?pod_name=alertmanager-main-0&namespace=monitoring |
2024-02-18 16:46:41 [INFO] [GIN] UserId = 1 | 200 |     55.9363ms |             ::1 | GET | /v1/api/pod/list?filter_name=&namespace=&limit=10&page=4 |
2024-02-18 16:46:44 [INFO] [D:/Tools/workspaces/k8sops/kubeops_server/service/pod.go:123] Get Pods ks-installer-5d5bb65f58-rjq74success
2024-02-18 16:46:44 [INFO] [GIN] UserId = 1 | 200 |      4.5122ms |             ::1 | GET | /v1/api/pod/detail?pod_name=ks-installer-5d5bb65f58-rjq74&namespace=kubesphere-system |
2024-02-18 16:48:02 [INFO] [D:/Tools/workspaces/k8sops/kubeops_server/db/mysql.go:34] mysql initialization succeeded
2024-02-18 16:48:02 [INFO] [D:/Tools/workspaces/k8sops/kubeops_server/db/redis.go:28] redis initialization succeededPONG
2024-02-18 16:48:03 [INFO] [D:/Tools/workspaces/k8sops/kubeops_server/utils/email.go:35] The mailbox service was initialized
2024-02-18 16:48:05 [INFO] [GIN] UserId =  | 200 |      2.1107ms |             ::1 | GET | /v1/api/user/getCaptcha |
2024-02-18 16:48:14 [INFO] [D:/Tools/workspaces/k8sops/kubeops_server/service/login.go:28] User identity verification succeeded
2024-02-18 16:48:14 [INFO] [D:/Tools/workspaces/k8sops/kubeops_server/service/init.go:35] k8s initialization succeeded
2024-02-18 16:48:14 [INFO] [GIN] UserId =  | 200 |      10.082ms |             ::1 | POST | /v1/api/user/login |
2024-02-18 16:48:15 [INFO] [GIN] UserId = 1 | 200 |    488.5312ms |             ::1 | GET | /v1/api/homepage/getInfo |
2024-02-18 16:48:24 [INFO] [GIN] UserId = 1 | 200 |     66.3606ms |             ::1 | GET | /v1/api/pod/list?filter_name=&namespace=&limit=10&page=1 |
2024-02-18 16:48:28 [INFO] [GIN] UserId = 1 | 200 |      32.758ms |             ::1 | GET | /v1/api/pod/list?filter_name=&namespace=&limit=10&page=4 |
2024-02-18 16:48:41 [INFO] [GIN] UserId = 1 | 200 |     34.8777ms |             ::1 | GET | /v1/api/pod/list?filter_name=&namespace=&limit=10&page=1 |
2024-02-18 16:57:10 [INFO] [GIN] UserId = 1 | 200 |    764.6589ms |             ::1 | GET | /v1/api/homepage/getInfo |
2024-02-18 16:58:46 [INFO] [GIN] UserId = 1 | 200 |     30.3217ms |             ::1 | GET | /v1/api/cluster/list?name= |
2024-02-18 17:03:00 [INFO] [D:/Tools/workspaces/k8sops/kubeops_server/service/init.go:35] k8s initialization succeeded
2024-02-18 17:03:00 [INFO] [D:/Tools/workspaces/k8sops/kubeops_server/service/cluster.go:126] The cluster ack-test was successfully changed
2024-02-18 17:03:00 [INFO] [GIN] UserId = 1 | 200 |     28.1955ms |             ::1 | POST | /v1/api/cluster/change |
2024-02-18 17:03:00 [INFO] [GIN] UserId = 1 | 200 |       3.431ms |             ::1 | GET | /v1/api/cluster/list?name= |
2024-02-18 17:03:02 [INFO] [GIN] UserId = 1 | 200 |    502.1102ms |             ::1 | GET | /v1/api/homepage/getInfo |
2024-02-18 17:03:10 [INFO] [GIN] UserId = 1 | 200 |      5.8672ms |             ::1 | GET | /v1/api/cluster/list?name= |
2024-02-18 17:03:12 [INFO] [GIN] UserId = 1 | 200 |    228.6124ms |             ::1 | GET | /v1/api/node/list |
2024-02-18 17:03:15 [INFO] [GIN] UserId = 1 | 200 |     24.2817ms |             ::1 | GET | /v1/api/namespaces/list?page=1&limit=10&filter_name= |
2024-02-18 17:03:18 [INFO] [GIN] UserId = 1 | 200 |     42.1806ms |             ::1 | GET | /v1/api/namespaces/list |
2024-02-18 17:03:18 [INFO] [GIN] UserId = 1 | 200 |     47.4979ms |             ::1 | GET | /v1/api/deploy/list?filter_name=&namespace=&limit=10&page=1 |
2024-02-18 17:03:21 [INFO] [GIN] UserId = 1 | 200 |      47.324ms |             ::1 | GET | /v1/api/deploy/list?filter_name=&namespace=&limit=10&page=2 |
2024-02-18 17:03:23 [INFO] [GIN] UserId = 1 | 200 |     25.3454ms |             ::1 | GET | /v1/api/deploy/list?filter_name=&namespace=&limit=10&page=3 |
2024-02-18 17:03:26 [INFO] [GIN] UserId = 1 | 200 |     52.9919ms |             ::1 | GET | /v1/api/pod/list?filter_name=&namespace=&limit=10&page=1 |
2024-02-18 17:03:29 [INFO] [GIN] UserId = 1 | 200 |     39.1322ms |             ::1 | GET | /v1/api/pod/list?filter_name=&namespace=&limit=10&page=2 |
2024-02-18 17:03:32 [INFO] [GIN] UserId = 1 | 200 |     63.0868ms |             ::1 | GET | /v1/api/pod/list?filter_name=&namespace=&limit=10&page=3 |
2024-02-18 17:03:38 [INFO] [GIN] UserId = 1 | 200 |     56.7094ms |             ::1 | GET | /v1/api/pod/list?filter_name=&namespace=&limit=10&page=4 |
2024-02-18 17:03:47 [INFO] [GIN] UserId = 1 | 200 |    101.6843ms |             ::1 | GET | /v1/api/pod/list?filter_name=&namespace=&limit=10&page=5 |
2024-02-18 17:03:51 [INFO] [GIN] UserId = 1 | 200 |     49.3997ms |             ::1 | GET | /v1/api/pod/list?filter_name=&namespace=&limit=10&page=6 |
2024-02-18 17:03:54 [INFO] [GIN] UserId = 1 | 200 |     55.9418ms |             ::1 | GET | /v1/api/pod/list?filter_name=&namespace=&limit=10&page=1 |
2024-02-18 17:17:43 [INFO] [GIN] UserId = 1 | 200 |    558.1898ms |             ::1 | GET | /v1/api/homepage/getInfo |
